2018-12-15 14:11:23: -- Analysis Started by User Command
2018-12-15 14:11:23: L: State file does not exist: G:/Project - Look Arch Job Managment/_gsdata_/_file_state_v4._gs
2018-12-15 14:11:23: R: State file does not exist: D:/Brock Onedrive Sync/OneDrive - Brockenhurst College/01. Visual Studio/Project - Look Arch Job Managment/_gsdata_/_file_state_v4._gs
2018-12-15 14:11:23: /Project - Look Arch Job Managment/frmUpdateProject.cs: Warning: Older file to replace Newer file
2018-12-15 14:11:23: /Project - Look Arch Job Managment/frmUpdateProject.Designer.cs: Warning: Older file to replace Newer file
2018-12-15 14:11:23: /Project - Look Arch Job Managment/frmUpdateProject.resx: Warning: Older file to replace Newer file
2018-12-15 14:11:23: Changes: 108, Conflicts: 0, CopyTime: 0, FixState: 18, Errors: 0, All: 127
2018-12-15 14:11:23: Left to Right: Copy File: 108 
2018-12-15 14:11:23: -- Analysis Complete. Time 00:00:00, Speed: Many files/s
2018-12-15 14:11:23: 
2018-12-15 14:11:28: == Sync Started by User Command
2018-12-15 14:11:28: Create Folder 'D:/Brock Onedrive Sync/OneDrive - Brockenhurst College/01. Visual Studio/Project - Look Arch Job Managment/Project - Look Arch Job Managment/bin/Debug/aa'
2018-12-15 14:11:28: Create Folder 'D:/Brock Onedrive Sync/OneDrive - Brockenhurst College/01. Visual Studio/Project - Look Arch Job Managment/Project - Look Arch Job Managment/bin/Debug/dje-NE'
2018-12-15 14:11:28: Create Folder 'D:/Brock Onedrive Sync/OneDrive - Brockenhurst College/01. Visual Studio/Project - Look Arch Job Managment/Project - Look Arch Job Managment/bin/Debug/en'
2018-12-15 14:11:28: Create Folder 'D:/Brock Onedrive Sync/OneDrive - Brockenhurst College/01. Visual Studio/Project - Look Arch Job Managment/Project - Look Arch Job Managment/obj/Debug/aa'
2018-12-15 14:11:28: Create Folder 'D:/Brock Onedrive Sync/OneDrive - Brockenhurst College/01. Visual Studio/Project - Look Arch Job Managment/Project - Look Arch Job Managment/obj/Debug/dje-NE'
2018-12-15 14:11:28: Create Folder 'D:/Brock Onedrive Sync/OneDrive - Brockenhurst College/01. Visual Studio/Project - Look Arch Job Managment/Project - Look Arch Job Managment/obj/Debug/en'
2018-12-15 14:11:28: Copy Over 'G:/Project - Look Arch Job Managment/.vs/Project - Look Arch Job Managment/v15/.suo' -> 'D:/Brock Onedrive Sync/OneDrive - Brockenhurst College/01. Visual Studio/Project - Look Arch Job Managment/.vs/Project - Look Arch Job Managment/v15/.suo'
2018-12-15 14:11:28: Copy Over 'G:/Project - Look Arch Job Managment/.vs/Project - Look Arch Job Managment/v15/Server/sqlite3/db.lock' -> 'D:/Brock Onedrive Sync/OneDrive - Brockenhurst College/01. Visual Studio/Project - Look Arch Job Managment/.vs/Project - Look Arch Job Managment/v15/Server/sqlite3/db.lock'
2018-12-15 14:11:28: Copy Over 'G:/Project - Look Arch Job Managment/.vs/Project - Look Arch Job Managment/v15/Server/sqlite3/storage.ide' -> 'D:/Brock Onedrive Sync/OneDrive - Brockenhurst College/01. Visual Studio/Project - Look Arch Job Managment/.vs/Project - Look Arch Job Managment/v15/Server/sqlite3/storage.ide'
2018-12-15 14:11:28: Copy Over 'G:/Project - Look Arch Job Managment/.vs/ProjectSettings.json' -> 'D:/Brock Onedrive Sync/OneDrive - Brockenhurst College/01. Visual Studio/Project - Look Arch Job Managment/.vs/ProjectSettings.json'
2018-12-15 14:11:28: Copy Over 'G:/Project - Look Arch Job Managment/.vs/slnx.sqlite' -> 'D:/Brock Onedrive Sync/OneDrive - Brockenhurst College/01. Visual Studio/Project - Look Arch Job Managment/.vs/slnx.sqlite'
2018-12-15 14:11:28: Copy Over 'G:/Project - Look Arch Job Managment/.vs/VSWorkspaceState.json' -> 'D:/Brock Onedrive Sync/OneDrive - Brockenhurst College/01. Visual Studio/Project - Look Arch Job Managment/.vs/VSWorkspaceState.json'
2018-12-15 14:11:28: Copy New 'G:/Project - Look Arch Job Managment/alarm-clock.png' -> 'D:/Brock Onedrive Sync/OneDrive - Brockenhurst College/01. Visual Studio/Project - Look Arch Job Managment/alarm-clock.png'
2018-12-15 14:11:28: Copy New 'G:/Project - Look Arch Job Managment/alarm_clock_CSm_icon.ico' -> 'D:/Brock Onedrive Sync/OneDrive - Brockenhurst College/01. Visual Studio/Project - Look Arch Job Managment/alarm_clock_CSm_icon.ico'
2018-12-15 14:11:28: Copy New 'G:/Project - Look Arch Job Managment/Project - Look Arch Job Managment/bin/Debug/aa/Project - Look Arch Job Managment.resources.dll' -> 'D:/Brock Onedrive Sync/OneDrive - Brockenhurst College/01. Visual Studio/Project - Look Arch Job Managment/Project - Look Arch Job Managment/bin/Debug/aa/Project - Look Arch Job Managment.resources.dll'
2018-12-15 14:11:28: Copy New 'G:/Project - Look Arch Job Managment/Project - Look Arch Job Managment/bin/Debug/dje-NE/Project - Look Arch Job Managment.resources.dll' -> 'D:/Brock Onedrive Sync/OneDrive - Brockenhurst College/01. Visual Studio/Project - Look Arch Job Managment/Project - Look Arch Job Managment/bin/Debug/dje-NE/Project - Look Arch Job Managment.resources.dll'
2018-12-15 14:11:28: Copy New 'G:/Project - Look Arch Job Managment/Project - Look Arch Job Managment/bin/Debug/en/Project - Look Arch Job Managment.resources.dll' -> 'D:/Brock Onedrive Sync/OneDrive - Brockenhurst College/01. Visual Studio/Project - Look Arch Job Managment/Project - Look Arch Job Managment/bin/Debug/en/Project - Look Arch Job Managment.resources.dll'
2018-12-15 14:11:28: Copy Over 'G:/Project - Look Arch Job Managment/Project - Look Arch Job Managment/bin/Debug/Project - Look Arch Job Managment.exe' -> 'D:/Brock Onedrive Sync/OneDrive - Brockenhurst College/01. Visual Studio/Project - Look Arch Job Managment/Project - Look Arch Job Managment/bin/Debug/Project - Look Arch Job Managment.exe'
2018-12-15 14:11:28: Copy Over 'G:/Project - Look Arch Job Managment/Project - Look Arch Job Managment/bin/Debug/Project - Look Arch Job Managment.pdb' -> 'D:/Brock Onedrive Sync/OneDrive - Brockenhurst College/01. Visual Studio/Project - Look Arch Job Managment/Project - Look Arch Job Managment/bin/Debug/Project - Look Arch Job Managment.pdb'
2018-12-15 14:11:28: Copy Over 'G:/Project - Look Arch Job Managment/Project - Look Arch Job Managment/DatabaseConnection.cs' -> 'D:/Brock Onedrive Sync/OneDrive - Brockenhurst College/01. Visual Studio/Project - Look Arch Job Managment/Project - Look Arch Job Managment/DatabaseConnection.cs'
2018-12-15 14:11:28: Copy Over 'G:/Project - Look Arch Job Managment/Project - Look Arch Job Managment/frmCreateProject.cs' -> 'D:/Brock Onedrive Sync/OneDrive - Brockenhurst College/01. Visual Studio/Project - Look Arch Job Managment/Project - Look Arch Job Managment/frmCreateProject.cs'
2018-12-15 14:11:28: Copy Over 'G:/Project - Look Arch Job Managment/Project - Look Arch Job Managment/frmCreateProject.Designer.cs' -> 'D:/Brock Onedrive Sync/OneDrive - Brockenhurst College/01. Visual Studio/Project - Look Arch Job Managment/Project - Look Arch Job Managment/frmCreateProject.Designer.cs'
2018-12-15 14:11:28: Copy Over 'G:/Project - Look Arch Job Managment/Project - Look Arch Job Managment/frmCreateProject.resx' -> 'D:/Brock Onedrive Sync/OneDrive - Brockenhurst College/01. Visual Studio/Project - Look Arch Job Managment/Project - Look Arch Job Managment/frmCreateProject.resx'
2018-12-15 14:11:28: Copy New 'G:/Project - Look Arch Job Managment/Project - Look Arch Job Managment/frmDashboard.aa.resx' -> 'D:/Brock Onedrive Sync/OneDrive - Brockenhurst College/01. Visual Studio/Project - Look Arch Job Managment/Project - Look Arch Job Managment/frmDashboard.aa.resx'
2018-12-15 14:11:28: Copy Over 'G:/Project - Look Arch Job Managment/Project - Look Arch Job Managment/frmDashboard.cs' -> 'D:/Brock Onedrive Sync/OneDrive - Brockenhurst College/01. Visual Studio/Project - Look Arch Job Managment/Project - Look Arch Job Managment/frmDashboard.cs'
2018-12-15 14:11:28: Copy Over 'G:/Project - Look Arch Job Managment/Project - Look Arch Job Managment/frmDashboard.Designer.cs' -> 'D:/Brock Onedrive Sync/OneDrive - Brockenhurst College/01. Visual Studio/Project - Look Arch Job Managment/Project - Look Arch Job Managment/frmDashboard.Designer.cs'
2018-12-15 14:11:28: Copy New 'G:/Project - Look Arch Job Managment/Project - Look Arch Job Managment/frmDashboard.dje-NE.resx' -> 'D:/Brock Onedrive Sync/OneDrive - Brockenhurst College/01. Visual Studio/Project - Look Arch Job Managment/Project - Look Arch Job Managment/frmDashboard.dje-NE.resx'
2018-12-15 14:11:28: Copy New 'G:/Project - Look Arch Job Managment/Project - Look Arch Job Managment/frmDashboard.en.resx' -> 'D:/Brock Onedrive Sync/OneDrive - Brockenhurst College/01. Visual Studio/Project - Look Arch Job Managment/Project - Look Arch Job Managment/frmDashboard.en.resx'
2018-12-15 14:11:28: Copy Over 'G:/Project - Look Arch Job Managment/Project - Look Arch Job Managment/frmDashboard.resx' -> 'D:/Brock Onedrive Sync/OneDrive - Brockenhurst College/01. Visual Studio/Project - Look Arch Job Managment/Project - Look Arch Job Managment/frmDashboard.resx'
2018-12-15 14:11:28: Copy New 'G:/Project - Look Arch Job Managment/Project - Look Arch Job Managment/frmExpenses.cs' -> 'D:/Brock Onedrive Sync/OneDrive - Brockenhurst College/01. Visual Studio/Project - Look Arch Job Managment/Project - Look Arch Job Managment/frmExpenses.cs'
2018-12-15 14:11:28: Copy New 'G:/Project - Look Arch Job Managment/Project - Look Arch Job Managment/frmExpenses.Designer.cs' -> 'D:/Brock Onedrive Sync/OneDrive - Brockenhurst College/01. Visual Studio/Project - Look Arch Job Managment/Project - Look Arch Job Managment/frmExpenses.Designer.cs'
2018-12-15 14:11:28: Copy New 'G:/Project - Look Arch Job Managment/Project - Look Arch Job Managment/frmExpenses.resx' -> 'D:/Brock Onedrive Sync/OneDrive - Brockenhurst College/01. Visual Studio/Project - Look Arch Job Managment/Project - Look Arch Job Managment/frmExpenses.resx'
2018-12-15 14:11:28: Copy Over 'G:/Project - Look Arch Job Managment/Project - Look Arch Job Managment/frmExportProjects.cs' -> 'D:/Brock Onedrive Sync/OneDrive - Brockenhurst College/01. Visual Studio/Project - Look Arch Job Managment/Project - Look Arch Job Managment/frmExportProjects.cs'
2018-12-15 14:11:28: Copy Over 'G:/Project - Look Arch Job Managment/Project - Look Arch Job Managment/frmExportProjects.Designer.cs' -> 'D:/Brock Onedrive Sync/OneDrive - Brockenhurst College/01. Visual Studio/Project - Look Arch Job Managment/Project - Look Arch Job Managment/frmExportProjects.Designer.cs'
2018-12-15 14:11:28: Copy Over 'G:/Project - Look Arch Job Managment/Project - Look Arch Job Managment/frmExportProjects.resx' -> 'D:/Brock Onedrive Sync/OneDrive - Brockenhurst College/01. Visual Studio/Project - Look Arch Job Managment/Project - Look Arch Job Managment/frmExportProjects.resx'
2018-12-15 14:11:28: Copy Over 'G:/Project - Look Arch Job Managment/Project - Look Arch Job Managment/frmProject.cs' -> 'D:/Brock Onedrive Sync/OneDrive - Brockenhurst College/01. Visual Studio/Project - Look Arch Job Managment/Project - Look Arch Job Managment/frmProject.cs'
2018-12-15 14:11:28: Copy Over 'G:/Project - Look Arch Job Managment/Project - Look Arch Job Managment/frmProject.Designer.cs' -> 'D:/Brock Onedrive Sync/OneDrive - Brockenhurst College/01. Visual Studio/Project - Look Arch Job Managment/Project - Look Arch Job Managment/frmProject.Designer.cs'
2018-12-15 14:11:28: Copy Over 'G:/Project - Look Arch Job Managment/Project - Look Arch Job Managment/frmProject.resx' -> 'D:/Brock Onedrive Sync/OneDrive - Brockenhurst College/01. Visual Studio/Project - Look Arch Job Managment/Project - Look Arch Job Managment/frmProject.resx'
2018-12-15 14:11:28: Copy New 'G:/Project - Look Arch Job Managment/Project - Look Arch Job Managment/frmReports.cs' -> 'D:/Brock Onedrive Sync/OneDrive - Brockenhurst College/01. Visual Studio/Project - Look Arch Job Managment/Project - Look Arch Job Managment/frmReports.cs'
2018-12-15 14:11:28: Copy New 'G:/Project - Look Arch Job Managment/Project - Look Arch Job Managment/frmReports.Designer.cs' -> 'D:/Brock Onedrive Sync/OneDrive - Brockenhurst College/01. Visual Studio/Project - Look Arch Job Managment/Project - Look Arch Job Managment/frmReports.Designer.cs'
2018-12-15 14:11:28: Copy New 'G:/Project - Look Arch Job Managment/Project - Look Arch Job Managment/frmReports.en.resx' -> 'D:/Brock Onedrive Sync/OneDrive - Brockenhurst College/01. Visual Studio/Project - Look Arch Job Managment/Project - Look Arch Job Managment/frmReports.en.resx'
2018-12-15 14:11:28: Copy New 'G:/Project - Look Arch Job Managment/Project - Look Arch Job Managment/frmReports.resx' -> 'D:/Brock Onedrive Sync/OneDrive - Brockenhurst College/01. Visual Studio/Project - Look Arch Job Managment/Project - Look Arch Job Managment/frmReports.resx'
2018-12-15 14:11:28: Copy New 'G:/Project - Look Arch Job Managment/Project - Look Arch Job Managment/frmStaffMembers.cs' -> 'D:/Brock Onedrive Sync/OneDrive - Brockenhurst College/01. Visual Studio/Project - Look Arch Job Managment/Project - Look Arch Job Managment/frmStaffMembers.cs'
2018-12-15 14:11:28: Copy New 'G:/Project - Look Arch Job Managment/Project - Look Arch Job Managment/frmStaffMembers.Designer.cs' -> 'D:/Brock Onedrive Sync/OneDrive - Brockenhurst College/01. Visual Studio/Project - Look Arch Job Managment/Project - Look Arch Job Managment/frmStaffMembers.Designer.cs'
2018-12-15 14:11:29: Copy New 'G:/Project - Look Arch Job Managment/Project - Look Arch Job Managment/frmStaffMembers.resx' -> 'D:/Brock Onedrive Sync/OneDrive - Brockenhurst College/01. Visual Studio/Project - Look Arch Job Managment/Project - Look Arch Job Managment/frmStaffMembers.resx'
2018-12-15 14:11:29: Copy New 'G:/Project - Look Arch Job Managment/Project - Look Arch Job Managment/frmSupport.cs' -> 'D:/Brock Onedrive Sync/OneDrive - Brockenhurst College/01. Visual Studio/Project - Look Arch Job Managment/Project - Look Arch Job Managment/frmSupport.cs'
2018-12-15 14:11:29: Copy New 'G:/Project - Look Arch Job Managment/Project - Look Arch Job Managment/frmSupport.Designer.cs' -> 'D:/Brock Onedrive Sync/OneDrive - Brockenhurst College/01. Visual Studio/Project - Look Arch Job Managment/Project - Look Arch Job Managment/frmSupport.Designer.cs'
2018-12-15 14:11:29: Copy New 'G:/Project - Look Arch Job Managment/Project - Look Arch Job Managment/frmSupport.resx' -> 'D:/Brock Onedrive Sync/OneDrive - Brockenhurst College/01. Visual Studio/Project - Look Arch Job Managment/Project - Look Arch Job Managment/frmSupport.resx'
2018-12-15 14:11:29: Copy New 'G:/Project - Look Arch Job Managment/Project - Look Arch Job Managment/frmTimers.cs' -> 'D:/Brock Onedrive Sync/OneDrive - Brockenhurst College/01. Visual Studio/Project - Look Arch Job Managment/Project - Look Arch Job Managment/frmTimers.cs'
2018-12-15 14:11:29: Copy New 'G:/Project - Look Arch Job Managment/Project - Look Arch Job Managment/frmTimers.Designer.cs' -> 'D:/Brock Onedrive Sync/OneDrive - Brockenhurst College/01. Visual Studio/Project - Look Arch Job Managment/Project - Look Arch Job Managment/frmTimers.Designer.cs'
2018-12-15 14:11:29: Copy New 'G:/Project - Look Arch Job Managment/Project - Look Arch Job Managment/frmTimers.resx' -> 'D:/Brock Onedrive Sync/OneDrive - Brockenhurst College/01. Visual Studio/Project - Look Arch Job Managment/Project - Look Arch Job Managment/frmTimers.resx'
2018-12-15 14:11:29: Copy New 'G:/Project - Look Arch Job Managment/Project - Look Arch Job Managment/frmTimeSheet.cs' -> 'D:/Brock Onedrive Sync/OneDrive - Brockenhurst College/01. Visual Studio/Project - Look Arch Job Managment/Project - Look Arch Job Managment/frmTimeSheet.cs'
2018-12-15 14:11:29: Copy New 'G:/Project - Look Arch Job Managment/Project - Look Arch Job Managment/frmTimeSheet.Designer.cs' -> 'D:/Brock Onedrive Sync/OneDrive - Brockenhurst College/01. Visual Studio/Project - Look Arch Job Managment/Project - Look Arch Job Managment/frmTimeSheet.Designer.cs'
2018-12-15 14:11:29: Copy New 'G:/Project - Look Arch Job Managment/Project - Look Arch Job Managment/frmTimeSheet.resx' -> 'D:/Brock Onedrive Sync/OneDrive - Brockenhurst College/01. Visual Studio/Project - Look Arch Job Managment/Project - Look Arch Job Managment/frmTimeSheet.resx'
2018-12-15 14:11:29: Copy Over 'G:/Project - Look Arch Job Managment/Project - Look Arch Job Managment/frmUpdateProject.cs' -> 'D:/Brock Onedrive Sync/OneDrive - Brockenhurst College/01. Visual Studio/Project - Look Arch Job Managment/Project - Look Arch Job Managment/frmUpdateProject.cs'
2018-12-15 14:11:29: Copy Over 'G:/Project - Look Arch Job Managment/Project - Look Arch Job Managment/frmUpdateProject.Designer.cs' -> 'D:/Brock Onedrive Sync/OneDrive - Brockenhurst College/01. Visual Studio/Project - Look Arch Job Managment/Project - Look Arch Job Managment/frmUpdateProject.Designer.cs'
2018-12-15 14:11:29: Copy Over 'G:/Project - Look Arch Job Managment/Project - Look Arch Job Managment/frmUpdateProject.resx' -> 'D:/Brock Onedrive Sync/OneDrive - Brockenhurst College/01. Visual Studio/Project - Look Arch Job Managment/Project - Look Arch Job Managment/frmUpdateProject.resx'
2018-12-15 14:11:29: Copy New 'G:/Project - Look Arch Job Managment/Project - Look Arch Job Managment/MasterForm.cs' -> 'D:/Brock Onedrive Sync/OneDrive - Brockenhurst College/01. Visual Studio/Project - Look Arch Job Managment/Project - Look Arch Job Managment/MasterForm.cs'
2018-12-15 14:11:29: Copy New 'G:/Project - Look Arch Job Managment/Project - Look Arch Job Managment/MasterForm.Designer.cs' -> 'D:/Brock Onedrive Sync/OneDrive - Brockenhurst College/01. Visual Studio/Project - Look Arch Job Managment/Project - Look Arch Job Managment/MasterForm.Designer.cs'
2018-12-15 14:11:29: Copy New 'G:/Project - Look Arch Job Managment/Project - Look Arch Job Managment/MasterForm.resx' -> 'D:/Brock Onedrive Sync/OneDrive - Brockenhurst College/01. Visual Studio/Project - Look Arch Job Managment/Project - Look Arch Job Managment/MasterForm.resx'
2018-12-15 14:11:29: Copy New 'G:/Project - Look Arch Job Managment/Project - Look Arch Job Managment/obj/Debug/aa/Project - Look Arch Job Managment.resources.dll' -> 'D:/Brock Onedrive Sync/OneDrive - Brockenhurst College/01. Visual Studio/Project - Look Arch Job Managment/Project - Look Arch Job Managment/obj/Debug/aa/Project - Look Arch Job Managment.resources.dll'
2018-12-15 14:11:29: Copy New 'G:/Project - Look Arch Job Managment/Project - Look Arch Job Managment/obj/Debug/CoreCompileInputs.cache' -> 'D:/Brock Onedrive Sync/OneDrive - Brockenhurst College/01. Visual Studio/Project - Look Arch Job Managment/Project - Look Arch Job Managment/obj/Debug/CoreCompileInputs.cache'
2018-12-15 14:11:29: Copy Over 'G:/Project - Look Arch Job Managment/Project - Look Arch Job Managment/obj/Debug/DesignTimeResolveAssemblyReferences.cache' -> 'D:/Brock Onedrive Sync/OneDrive - Brockenhurst College/01. Visual Studio/Project - Look Arch Job Managment/Project - Look Arch Job Managment/obj/Debug/DesignTimeResolveAssemblyReferences.cache'
2018-12-15 14:11:29: Copy Over 'G:/Project - Look Arch Job Managment/Project - Look Arch Job Managment/obj/Debug/DesignTimeResolveAssemblyReferencesInput.cache' -> 'D:/Brock Onedrive Sync/OneDrive - Brockenhurst College/01. Visual Studio/Project - Look Arch Job Managment/Project - Look Arch Job Managment/obj/Debug/DesignTimeResolveAssemblyReferencesInput.cache'
2018-12-15 14:11:29: Copy New 'G:/Project - Look Arch Job Managment/Project - Look Arch Job Managment/obj/Debug/dje-NE/Project - Look Arch Job Managment.resources.dll' -> 'D:/Brock Onedrive Sync/OneDrive - Brockenhurst College/01. Visual Studio/Project - Look Arch Job Managment/Project - Look Arch Job Managment/obj/Debug/dje-NE/Project - Look Arch Job Managment.resources.dll'
2018-12-15 14:11:29: Copy New 'G:/Project - Look Arch Job Managment/Project - Look Arch Job Managment/obj/Debug/en/Project - Look Arch Job Managment.resources.dll' -> 'D:/Brock Onedrive Sync/OneDrive - Brockenhurst College/01. Visual Studio/Project - Look Arch Job Managment/Project - Look Arch Job Managment/obj/Debug/en/Project - Look Arch Job Managment.resources.dll'
2018-12-15 14:11:29: Copy Over 'G:/Project - Look Arch Job Managment/Project - Look Arch Job Managment/obj/Debug/Project - Look Arch Job Managment.csproj.CopyComplete' -> 'D:/Brock Onedrive Sync/OneDrive - Brockenhurst College/01. Visual Studio/Project - Look Arch Job Managment/Project - Look Arch Job Managment/obj/Debug/Project - Look Arch Job Managment.csproj.CopyComplete'
2018-12-15 14:11:29: Copy Over 'G:/Project - Look Arch Job Managment/Project - Look Arch Job Managment/obj/Debug/Project - Look Arch Job Managment.csproj.CoreCompileInputs.cache' -> 'D:/Brock Onedrive Sync/OneDrive - Brockenhurst College/01. Visual Studio/Project - Look Arch Job Managment/Project - Look Arch Job Managment/obj/Debug/Project - Look Arch Job Managment.csproj.CoreCompileInputs.cache'
2018-12-15 14:11:29: Copy Over 'G:/Project - Look Arch Job Managment/Project - Look Arch Job Managment/obj/Debug/Project - Look Arch Job Managment.csproj.FileListAbsolute.txt' -> 'D:/Brock Onedrive Sync/OneDrive - Brockenhurst College/01. Visual Studio/Project - Look Arch Job Managment/Project - Look Arch Job Managment/obj/Debug/Project - Look Arch Job Managment.csproj.FileListAbsolute.txt'
2018-12-15 14:11:29: Copy Over 'G:/Project - Look Arch Job Managment/Project - Look Arch Job Managment/obj/Debug/Project - Look Arch Job Managment.csproj.GenerateResource.Cache' -> 'D:/Brock Onedrive Sync/OneDrive - Brockenhurst College/01. Visual Studio/Project - Look Arch Job Managment/Project - Look Arch Job Managment/obj/Debug/Project - Look Arch Job Managment.csproj.GenerateResource.Cache'
2018-12-15 14:11:29: Copy Over 'G:/Project - Look Arch Job Managment/Project - Look Arch Job Managment/obj/Debug/Project - Look Arch Job Managment.csprojAssemblyReference.cache' -> 'D:/Brock Onedrive Sync/OneDrive - Brockenhurst College/01. Visual Studio/Project - Look Arch Job Managment/Project - Look Arch Job Managment/obj/Debug/Project - Look Arch Job Managment.csprojAssemblyReference.cache'
2018-12-15 14:11:29: Copy Over 'G:/Project - Look Arch Job Managment/Project - Look Arch Job Managment/obj/Debug/Project - Look Arch Job Managment.csprojResolveAssemblyReference.cache' -> 'D:/Brock Onedrive Sync/OneDrive - Brockenhurst College/01. Visual Studio/Project - Look Arch Job Managment/Project - Look Arch Job Managment/obj/Debug/Project - Look Arch Job Managment.csprojResolveAssemblyReference.cache'
2018-12-15 14:11:29: Copy Over 'G:/Project - Look Arch Job Managment/Project - Look Arch Job Managment/obj/Debug/Project - Look Arch Job Managment.exe' -> 'D:/Brock Onedrive Sync/OneDrive - Brockenhurst College/01. Visual Studio/Project - Look Arch Job Managment/Project - Look Arch Job Managment/obj/Debug/Project - Look Arch Job Managment.exe'
2018-12-15 14:11:29: Copy Over 'G:/Project - Look Arch Job Managment/Project - Look Arch Job Managment/obj/Debug/Project - Look Arch Job Managment.pdb' -> 'D:/Brock Onedrive Sync/OneDrive - Brockenhurst College/01. Visual Studio/Project - Look Arch Job Managment/Project - Look Arch Job Managment/obj/Debug/Project - Look Arch Job Managment.pdb'
2018-12-15 14:11:29: Copy Over 'G:/Project - Look Arch Job Managment/Project - Look Arch Job Managment/obj/Debug/Project___Look_Arch_Job_Managment.frmCreateProject.resources' -> 'D:/Brock Onedrive Sync/OneDrive - Brockenhurst College/01. Visual Studio/Project - Look Arch Job Managment/Project - Look Arch Job Managment/obj/Debug/Project___Look_Arch_Job_Managment.frmCreateProject.resources'
2018-12-15 14:11:29: Copy New 'G:/Project - Look Arch Job Managment/Project - Look Arch Job Managment/obj/Debug/Project___Look_Arch_Job_Managment.frmDashboard.aa.resources' -> 'D:/Brock Onedrive Sync/OneDrive - Brockenhurst College/01. Visual Studio/Project - Look Arch Job Managment/Project - Look Arch Job Managment/obj/Debug/Project___Look_Arch_Job_Managment.frmDashboard.aa.resources'
2018-12-15 14:11:29: Copy New 'G:/Project - Look Arch Job Managment/Project - Look Arch Job Managment/obj/Debug/Project___Look_Arch_Job_Managment.frmDashboard.dje-NE.resources' -> 'D:/Brock Onedrive Sync/OneDrive - Brockenhurst College/01. Visual Studio/Project - Look Arch Job Managment/Project - Look Arch Job Managment/obj/Debug/Project___Look_Arch_Job_Managment.frmDashboard.dje-NE.resources'
2018-12-15 14:11:29: Copy New 'G:/Project - Look Arch Job Managment/Project - Look Arch Job Managment/obj/Debug/Project___Look_Arch_Job_Managment.frmDashboard.en.resources' -> 'D:/Brock Onedrive Sync/OneDrive - Brockenhurst College/01. Visual Studio/Project - Look Arch Job Managment/Project - Look Arch Job Managment/obj/Debug/Project___Look_Arch_Job_Managment.frmDashboard.en.resources'
2018-12-15 14:11:29: Copy Over 'G:/Project - Look Arch Job Managment/Project - Look Arch Job Managment/obj/Debug/Project___Look_Arch_Job_Managment.frmDashboard.resources' -> 'D:/Brock Onedrive Sync/OneDrive - Brockenhurst College/01. Visual Studio/Project - Look Arch Job Managment/Project - Look Arch Job Managment/obj/Debug/Project___Look_Arch_Job_Managment.frmDashboard.resources'
2018-12-15 14:11:29: Copy New 'G:/Project - Look Arch Job Managment/Project - Look Arch Job Managment/obj/Debug/Project___Look_Arch_Job_Managment.frmExpenses.resources' -> 'D:/Brock Onedrive Sync/OneDrive - Brockenhurst College/01. Visual Studio/Project - Look Arch Job Managment/Project - Look Arch Job Managment/obj/Debug/Project___Look_Arch_Job_Managment.frmExpenses.resources'
2018-12-15 14:11:29: Copy Over 'G:/Project - Look Arch Job Managment/Project - Look Arch Job Managment/obj/Debug/Project___Look_Arch_Job_Managment.frmExportProjects.resources' -> 'D:/Brock Onedrive Sync/OneDrive - Brockenhurst College/01. Visual Studio/Project - Look Arch Job Managment/Project - Look Arch Job Managment/obj/Debug/Project___Look_Arch_Job_Managment.frmExportProjects.resources'
2018-12-15 14:11:29: Copy Over 'G:/Project - Look Arch Job Managment/Project - Look Arch Job Managment/obj/Debug/Project___Look_Arch_Job_Managment.frmProject.resources' -> 'D:/Brock Onedrive Sync/OneDrive - Brockenhurst College/01. Visual Studio/Project - Look Arch Job Managment/Project - Look Arch Job Managment/obj/Debug/Project___Look_Arch_Job_Managment.frmProject.resources'
2018-12-15 14:11:29: Copy New 'G:/Project - Look Arch Job Managment/Project - Look Arch Job Managment/obj/Debug/Project___Look_Arch_Job_Managment.frmReports.en.resources' -> 'D:/Brock Onedrive Sync/OneDrive - Brockenhurst College/01. Visual Studio/Project - Look Arch Job Managment/Project - Look Arch Job Managment/obj/Debug/Project___Look_Arch_Job_Managment.frmReports.en.resources'
2018-12-15 14:11:29: Copy New 'G:/Project - Look Arch Job Managment/Project - Look Arch Job Managment/obj/Debug/Project___Look_Arch_Job_Managment.frmReports.resources' -> 'D:/Brock Onedrive Sync/OneDrive - Brockenhurst College/01. Visual Studio/Project - Look Arch Job Managment/Project - Look Arch Job Managment/obj/Debug/Project___Look_Arch_Job_Managment.frmReports.resources'
2018-12-15 14:11:29: Copy New 'G:/Project - Look Arch Job Managment/Project - Look Arch Job Managment/obj/Debug/Project___Look_Arch_Job_Managment.frmStaffMembers.resources' -> 'D:/Brock Onedrive Sync/OneDrive - Brockenhurst College/01. Visual Studio/Project - Look Arch Job Managment/Project - Look Arch Job Managment/obj/Debug/Project___Look_Arch_Job_Managment.frmStaffMembers.resources'
2018-12-15 14:11:29: Copy New 'G:/Project - Look Arch Job Managment/Project - Look Arch Job Managment/obj/Debug/Project___Look_Arch_Job_Managment.frmSupport.resources' -> 'D:/Brock Onedrive Sync/OneDrive - Brockenhurst College/01. Visual Studio/Project - Look Arch Job Managment/Project - Look Arch Job Managment/obj/Debug/Project___Look_Arch_Job_Managment.frmSupport.resources'
2018-12-15 14:11:29: Copy New 'G:/Project - Look Arch Job Managment/Project - Look Arch Job Managment/obj/Debug/Project___Look_Arch_Job_Managment.frmTimers.resources' -> 'D:/Brock Onedrive Sync/OneDrive - Brockenhurst College/01. Visual Studio/Project - Look Arch Job Managment/Project - Look Arch Job Managment/obj/Debug/Project___Look_Arch_Job_Managment.frmTimers.resources'
2018-12-15 14:11:29: Copy New 'G:/Project - Look Arch Job Managment/Project - Look Arch Job Managment/obj/Debug/Project___Look_Arch_Job_Managment.frmTimeSheet.resources' -> 'D:/Brock Onedrive Sync/OneDrive - Brockenhurst College/01. Visual Studio/Project - Look Arch Job Managment/Project - Look Arch Job Managment/obj/Debug/Project___Look_Arch_Job_Managment.frmTimeSheet.resources'
2018-12-15 14:11:30: Copy Over 'G:/Project - Look Arch Job Managment/Project - Look Arch Job Managment/obj/Debug/Project___Look_Arch_Job_Managment.frmUpdateProject.resources' -> 'D:/Brock Onedrive Sync/OneDrive - Brockenhurst College/01. Visual Studio/Project - Look Arch Job Managment/Project - Look Arch Job Managment/obj/Debug/Project___Look_Arch_Job_Managment.frmUpdateProject.resources'
2018-12-15 14:11:30: Copy New 'G:/Project - Look Arch Job Managment/Project - Look Arch Job Managment/obj/Debug/Project___Look_Arch_Job_Managment.MasterForm.resources' -> 'D:/Brock Onedrive Sync/OneDrive - Brockenhurst College/01. Visual Studio/Project - Look Arch Job Managment/Project - Look Arch Job Managment/obj/Debug/Project___Look_Arch_Job_Managment.MasterForm.resources'
2018-12-15 14:11:30: Copy Over 'G:/Project - Look Arch Job Managment/Project - Look Arch Job Managment/obj/Debug/Project___Look_Arch_Job_Managment.Properties.Resources.resources' -> 'D:/Brock Onedrive Sync/OneDrive - Brockenhurst College/01. Visual Studio/Project - Look Arch Job Managment/Project - Look Arch Job Managment/obj/Debug/Project___Look_Arch_Job_Managment.Properties.Resources.resources'
2018-12-15 14:11:30: Copy Over 'G:/Project - Look Arch Job Managment/Project - Look Arch Job Managment/obj/Debug/TemporaryGeneratedFile_036C0B5B-1481-4323-8D20-8F5ADCB23D92.cs' -> 'D:/Brock Onedrive Sync/OneDrive - Brockenhurst College/01. Visual Studio/Project - Look Arch Job Managment/Project - Look Arch Job Managment/obj/Debug/TemporaryGeneratedFile_036C0B5B-1481-4323-8D20-8F5ADCB23D92.cs'
2018-12-15 14:11:30: Copy Over 'G:/Project - Look Arch Job Managment/Project - Look Arch Job Managment/obj/Debug/TemporaryGeneratedFile_5937a670-0e60-4077-877b-f7221da3dda1.cs' -> 'D:/Brock Onedrive Sync/OneDrive - Brockenhurst College/01. Visual Studio/Project - Look Arch Job Managment/Project - Look Arch Job Managment/obj/Debug/TemporaryGeneratedFile_5937a670-0e60-4077-877b-f7221da3dda1.cs'
2018-12-15 14:11:30: Copy Over 'G:/Project - Look Arch Job Managment/Project - Look Arch Job Managment/obj/Debug/TemporaryGeneratedFile_E7A71F73-0F8D-4B9B-B56E-8E70B10BC5D3.cs' -> 'D:/Brock Onedrive Sync/OneDrive - Brockenhurst College/01. Visual Studio/Project - Look Arch Job Managment/Project - Look Arch Job Managment/obj/Debug/TemporaryGeneratedFile_E7A71F73-0F8D-4B9B-B56E-8E70B10BC5D3.cs'
2018-12-15 14:11:30: Copy Over 'G:/Project - Look Arch Job Managment/Project - Look Arch Job Managment/obj/Debug/TempPE/Properties.Resources.Designer.cs.dll' -> 'D:/Brock Onedrive Sync/OneDrive - Brockenhurst College/01. Visual Studio/Project - Look Arch Job Managment/Project - Look Arch Job Managment/obj/Debug/TempPE/Properties.Resources.Designer.cs.dll'
2018-12-15 14:11:30: Copy Over 'G:/Project - Look Arch Job Managment/Project - Look Arch Job Managment/obj/Release/Project - Look Arch Job Managment.csproj.CoreCompileInputs.cache' -> 'D:/Brock Onedrive Sync/OneDrive - Brockenhurst College/01. Visual Studio/Project - Look Arch Job Managment/Project - Look Arch Job Managment/obj/Release/Project - Look Arch Job Managment.csproj.CoreCompileInputs.cache'
2018-12-15 14:11:30: Copy Over 'G:/Project - Look Arch Job Managment/Project - Look Arch Job Managment/Program.cs' -> 'D:/Brock Onedrive Sync/OneDrive - Brockenhurst College/01. Visual Studio/Project - Look Arch Job Managment/Project - Look Arch Job Managment/Program.cs'
2018-12-15 14:11:30: Copy Over 'G:/Project - Look Arch Job Managment/Project - Look Arch Job Managment/Project - Look Arch Job Managment.csproj' -> 'D:/Brock Onedrive Sync/OneDrive - Brockenhurst College/01. Visual Studio/Project - Look Arch Job Managment/Project - Look Arch Job Managment/Project - Look Arch Job Managment.csproj'
2018-12-15 14:11:30: Copy Over 'G:/Project - Look Arch Job Managment/Project - Look Arch Job Managment/Properties/AssemblyInfo.cs' -> 'D:/Brock Onedrive Sync/OneDrive - Brockenhurst College/01. Visual Studio/Project - Look Arch Job Managment/Project - Look Arch Job Managment/Properties/AssemblyInfo.cs'
2018-12-15 14:11:30: Copy Over 'G:/Project - Look Arch Job Managment/Project - Look Arch Job Managment/Properties/Resources.Designer.cs' -> 'D:/Brock Onedrive Sync/OneDrive - Brockenhurst College/01. Visual Studio/Project - Look Arch Job Managment/Project - Look Arch Job Managment/Properties/Resources.Designer.cs'
2018-12-15 14:11:30: Copy Over 'G:/Project - Look Arch Job Managment/Project - Look Arch Job Managment/Properties/Resources.resx' -> 'D:/Brock Onedrive Sync/OneDrive - Brockenhurst College/01. Visual Studio/Project - Look Arch Job Managment/Project - Look Arch Job Managment/Properties/Resources.resx'
2018-12-15 14:11:30: Copy Over 'G:/Project - Look Arch Job Managment/Project - Look Arch Job Managment/Properties/Settings.Designer.cs' -> 'D:/Brock Onedrive Sync/OneDrive - Brockenhurst College/01. Visual Studio/Project - Look Arch Job Managment/Project - Look Arch Job Managment/Properties/Settings.Designer.cs'
2018-12-15 14:11:30: Copy Over 'G:/Project - Look Arch Job Managment/Project - Look Arch Job Managment/Properties/Settings.settings' -> 'D:/Brock Onedrive Sync/OneDrive - Brockenhurst College/01. Visual Studio/Project - Look Arch Job Managment/Project - Look Arch Job Managment/Properties/Settings.settings'
2018-12-15 14:11:30: Copy Over 'G:/Project - Look Arch Job Managment/Project - Look Arch Job Managment/Resources/architex-logo.png' -> 'D:/Brock Onedrive Sync/OneDrive - Brockenhurst College/01. Visual Studio/Project - Look Arch Job Managment/Project - Look Arch Job Managment/Resources/architex-logo.png'
2018-12-15 14:11:30: Copy Over 'G:/Project - Look Arch Job Managment/Project - Look Arch Job Managment.sln' -> 'D:/Brock Onedrive Sync/OneDrive - Brockenhurst College/01. Visual Studio/Project - Look Arch Job Managment/Project - Look Arch Job Managment.sln'
2018-12-15 14:11:30: Copy New 'G:/Project - Look Arch Job Managment/support.eps' -> 'D:/Brock Onedrive Sync/OneDrive - Brockenhurst College/01. Visual Studio/Project - Look Arch Job Managment/support.eps'
2018-12-15 14:11:30: Copy New 'G:/Project - Look Arch Job Managment/support.png' -> 'D:/Brock Onedrive Sync/OneDrive - Brockenhurst College/01. Visual Studio/Project - Look Arch Job Managment/support.png'
2018-12-15 14:11:30: Copy New 'G:/Project - Look Arch Job Managment/support_Ur9_icon.ico' -> 'D:/Brock Onedrive Sync/OneDrive - Brockenhurst College/01. Visual Studio/Project - Look Arch Job Managment/support_Ur9_icon.ico'
2018-12-15 14:11:30: == Sync Complete. Time: 00:00:02, Speed: 4.64 MB/s, OK: 126, Errors: 0
2018-12-15 14:11:30: 
